<?xml version="1.0" encoding="UTF-8"?>
<testng-results ignored="0" total="1" passed="1" failed="0" skipped="0">
  <reporter-output>
  </reporter-output>
  <suite started-at="2023-05-31T22:22:06 PKT" name="Default suite" finished-at="2023-05-31T22:22:12 PKT" duration-ms="6120">
    <groups>
    </groups>
    <test started-at="2023-05-31T22:22:06 PKT" name="Default test" finished-at="2023-05-31T22:22:12 PKT" duration-ms="6120">
      <class name="apitesting.CRUD">
        <test-method signature="getResponseBody()[pri:0, instance:apitesting.CRUD@18d87d80]" started-at="2023-05-31T22:22:06 PKT" name="getResponseBody" finished-at="2023-05-31T22:22:12 PKT" duration-ms="6020" status="PASS">
          <reporter-output>
          </reporter-output>
        </test-method> <!-- getResponseBody -->
      </class> <!-- apitesting.CRUD -->
    </test> <!-- Default test -->
  </suite> <!-- Default suite -->
</testng-results>
